{"/Users/joshgarza/Coding/VertexArbiter/packages/backend/src/index.ts": {"path":"/Users/joshgarza/Coding/VertexArbiter/packages/backend/src/index.ts","statementMap":{"0":{"start":{"line":1,"column":0},"end":{"line":1,"column":30}},"1":{"start":{"line":2,"column":0},"end":{"line":2,"column":36}},"2":{"start":{"line":3,"column":0},"end":{"line":3,"column":35}},"3":{"start":{"line":4,"column":0},"end":{"line":4,"column":24}},"4":{"start":{"line":5,"column":0},"end":{"line":5,"column":67}},"5":{"start":{"line":6,"column":0},"end":{"line":6,"column":59}},"6":{"start":{"line":8,"column":12},"end":{"line":8,"column":21}},"7":{"start":{"line":9,"column":15},"end":{"line":9,"column":32}},"8":{"start":{"line":10,"column":11},"end":{"line":15,"column":2}},"9":{"start":{"line":17,"column":13},"end":{"line":17,"column":37}},"10":{"start":{"line":20,"column":0},"end":{"line":20,"column":16}},"11":{"start":{"line":21,"column":0},"end":{"line":21,"column":24}},"12":{"start":{"line":22,"column":0},"end":{"line":22,"column":48}},"13":{"start":{"line":25,"column":0},"end":{"line":27,"column":3}},"14":{"start":{"line":26,"column":2},"end":{"line":26,"column":66}},"15":{"start":{"line":30,"column":0},"end":{"line":30,"column":29}},"16":{"start":{"line":33,"column":23},"end":{"line":33,"column":45}},"17":{"start":{"line":36,"column":0},"end":{"line":45,"column":3}},"18":{"start":{"line":37,"column":2},"end":{"line":37,"column":48}},"19":{"start":{"line":38,"column":2},"end":{"line":38,"column":56}},"20":{"start":{"line":41,"column":2},"end":{"line":41,"column":36}},"21":{"start":{"line":44,"column":2},"end":{"line":44,"column":41}},"22":{"start":{"line":48,"column":0},"end":{"line":54,"column":3}},"23":{"start":{"line":49,"column":2},"end":{"line":49,"column":60}},"24":{"start":{"line":50,"column":2},"end":{"line":53,"column":5}},"25":{"start":{"line":51,"column":4},"end":{"line":51,"column":33}},"26":{"start":{"line":52,"column":4},"end":{"line":52,"column":20}},"27":{"start":{"line":56,"column":0},"end":{"line":62,"column":3}},"28":{"start":{"line":57,"column":2},"end":{"line":57,"column":59}},"29":{"start":{"line":58,"column":2},"end":{"line":61,"column":5}},"30":{"start":{"line":59,"column":4},"end":{"line":59,"column":33}},"31":{"start":{"line":60,"column":4},"end":{"line":60,"column":20}}},"fnMap":{"0":{"name":"(anonymous_1)","decl":{"start":{"line":25,"column":19},"end":{"line":25,"column":20}},"loc":{"start":{"line":25,"column":32},"end":{"line":27,"column":1}}},"1":{"name":"(anonymous_2)","decl":{"start":{"line":36,"column":20},"end":{"line":36,"column":25}},"loc":{"start":{"line":36,"column":31},"end":{"line":45,"column":1}}},"2":{"name":"(anonymous_3)","decl":{"start":{"line":48,"column":22},"end":{"line":48,"column":25}},"loc":{"start":{"line":48,"column":27},"end":{"line":54,"column":1}}},"3":{"name":"(anonymous_4)","decl":{"start":{"line":50,"column":15},"end":{"line":50,"column":18}},"loc":{"start":{"line":50,"column":20},"end":{"line":53,"column":3}}},"4":{"name":"(anonymous_5)","decl":{"start":{"line":56,"column":21},"end":{"line":56,"column":24}},"loc":{"start":{"line":56,"column":26},"end":{"line":62,"column":1}}},"5":{"name":"(anonymous_6)","decl":{"start":{"line":58,"column":15},"end":{"line":58,"column":18}},"loc":{"start":{"line":58,"column":20},"end":{"line":61,"column":3}}}},"branchMap":{"0":{"loc":{"start":{"line":17,"column":13},"end":{"line":17,"column":37}},"type":"binary-expr","locations":[{"start":{"line":17,"column":13},"end":{"line":17,"column":29}},{"start":{"line":17,"column":33},"end":{"line":17,"column":37}}]}},"s":{"0":0,"1":0,"2":0,"3":0,"4":0,"5":0,"6":0,"7":0,"8":0,"9":0,"10":0,"11":0,"12":0,"13":0,"14":0,"15":0,"16":0,"17":0,"18":0,"19":0,"20":0,"21":0,"22":0,"23":0,"24":0,"25":0,"26":0,"27":0,"28":0,"29":0,"30":0,"31":0},"f":{"0":0,"1":0,"2":0,"3":0,"4":0,"5":0},"b":{"0":[0,0]}}
,"/Users/joshgarza/Coding/VertexArbiter/packages/backend/src/api/maraApiService.ts": {"path":"/Users/joshgarza/Coding/VertexArbiter/packages/backend/src/api/maraApiService.ts","statementMap":{"0":{"start":{"line":1,"column":0},"end":{"line":1,"column":60}},"1":{"start":{"line":13,"column":0},"end":{"line":13,"column":47}},"2":{"start":{"line":14,"column":0},"end":{"line":14,"column":42}},"3":{"start":{"line":20,"column":4},"end":{"line":26,"column":7}},"4":{"start":{"line":29,"column":4},"end":{"line":35,"column":7}},"5":{"start":{"line":30,"column":21},"end":{"line":30,"column":46}},"6":{"start":{"line":31,"column":6},"end":{"line":33,"column":7}},"7":{"start":{"line":32,"column":8},"end":{"line":32,"column":45}},"8":{"start":{"line":34,"column":6},"end":{"line":34,"column":20}},"9":{"start":{"line":38,"column":4},"end":{"line":44,"column":6}},"10":{"start":{"line":39,"column":20},"end":{"line":39,"column":28}},"11":{"start":{"line":41,"column":8},"end":{"line":41,"column":80}},"12":{"start":{"line":42,"column":8},"end":{"line":42,"column":20}},"13":{"start":{"line":53,"column":4},"end":{"line":53,"column":75}},"14":{"start":{"line":60,"column":4},"end":{"line":63,"column":6}},"15":{"start":{"line":70,"column":4},"end":{"line":104,"column":5}},"16":{"start":{"line":71,"column":45},"end":{"line":73,"column":8}},"17":{"start":{"line":75,"column":6},"end":{"line":75,"column":56}},"18":{"start":{"line":77,"column":58},"end":{"line":79,"column":null}},"19":{"start":{"line":82,"column":23},"end":{"line":82,"column":36}},"20":{"start":{"line":85,"column":37},"end":{"line":90,"column":8}},"21":{"start":{"line":93,"column":6},"end":{"line":93,"column":46}},"22":{"start":{"line":95,"column":6},"end":{"line":95,"column":69}},"23":{"start":{"line":96,"column":6},"end":{"line":96,"column":74}},"24":{"start":{"line":97,"column":6},"end":{"line":97,"column":77}},"25":{"start":{"line":99,"column":6},"end":{"line":99,"column":24}},"26":{"start":{"line":102,"column":6},"end":{"line":102,"column":53}},"27":{"start":{"line":103,"column":6},"end":{"line":103,"column":107}},"28":{"start":{"line":111,"column":4},"end":{"line":125,"column":5}},"29":{"start":{"line":112,"column":6},"end":{"line":114,"column":7}},"30":{"start":{"line":113,"column":8},"end":{"line":113,"column":84}},"31":{"start":{"line":116,"column":58},"end":{"line":117,"column":null}},"32":{"start":{"line":120,"column":6},"end":{"line":120,"column":27}},"33":{"start":{"line":123,"column":6},"end":{"line":123,"column":55}},"34":{"start":{"line":124,"column":6},"end":{"line":124,"column":107}},"35":{"start":{"line":134,"column":4},"end":{"line":155,"column":5}},"36":{"start":{"line":135,"column":6},"end":{"line":137,"column":7}},"37":{"start":{"line":136,"column":8},"end":{"line":136,"column":84}},"38":{"start":{"line":139,"column":49},"end":{"line":140,"column":null}},"39":{"start":{"line":143,"column":27},"end":{"line":143,"column":40}},"40":{"start":{"line":145,"column":6},"end":{"line":147,"column":7}},"41":{"start":{"line":146,"column":8},"end":{"line":146,"column":60}},"42":{"start":{"line":150,"column":6},"end":{"line":150,"column":59}},"43":{"start":{"line":153,"column":6},"end":{"line":153,"column":58}},"44":{"start":{"line":154,"column":6},"end":{"line":154,"column":104}},"45":{"start":{"line":163,"column":4},"end":{"line":178,"column":5}},"46":{"start":{"line":164,"column":6},"end":{"line":166,"column":7}},"47":{"start":{"line":165,"column":8},"end":{"line":165,"column":84}},"48":{"start":{"line":168,"column":49},"end":{"line":169,"column":null}},"49":{"start":{"line":173,"column":6},"end":{"line":173,"column":85}},"50":{"start":{"line":173,"column":44},"end":{"line":173,"column":83}},"51":{"start":{"line":176,"column":6},"end":{"line":176,"column":59}},"52":{"start":{"line":177,"column":6},"end":{"line":177,"column":111}},"53":{"start":{"line":186,"column":4},"end":{"line":200,"column":5}},"54":{"start":{"line":187,"column":6},"end":{"line":189,"column":7}},"55":{"start":{"line":188,"column":8},"end":{"line":188,"column":84}},"56":{"start":{"line":191,"column":57},"end":{"line":192,"column":null}},"57":{"start":{"line":195,"column":6},"end":{"line":195,"column":27}},"58":{"start":{"line":198,"column":6},"end":{"line":198,"column":55}},"59":{"start":{"line":199,"column":6},"end":{"line":199,"column":107}},"60":{"start":{"line":209,"column":4},"end":{"line":231,"column":5}},"61":{"start":{"line":210,"column":6},"end":{"line":212,"column":7}},"62":{"start":{"line":211,"column":8},"end":{"line":211,"column":84}},"63":{"start":{"line":215,"column":6},"end":{"line":215,"column":55}},"64":{"start":{"line":217,"column":57},"end":{"line":219,"column":null}},"65":{"start":{"line":223,"column":21},"end":{"line":223,"column":34}},"66":{"start":{"line":224,"column":6},"end":{"line":224,"column":82}},"67":{"start":{"line":226,"column":6},"end":{"line":226,"column":20}},"68":{"start":{"line":229,"column":6},"end":{"line":229,"column":67}},"69":{"start":{"line":230,"column":6},"end":{"line":230,"column":119}},"70":{"start":{"line":238,"column":4},"end":{"line":256,"column":5}},"71":{"start":{"line":239,"column":6},"end":{"line":241,"column":7}},"72":{"start":{"line":240,"column":8},"end":{"line":240,"column":84}},"73":{"start":{"line":243,"column":53},"end":{"line":244,"column":null}},"74":{"start":{"line":248,"column":21},"end":{"line":248,"column":34}},"75":{"start":{"line":249,"column":6},"end":{"line":249,"column":82}},"76":{"start":{"line":251,"column":6},"end":{"line":251,"column":20}},"77":{"start":{"line":254,"column":6},"end":{"line":254,"column":60}},"78":{"start":{"line":255,"column":6},"end":{"line":255,"column":112}},"79":{"start":{"line":264,"column":4},"end":{"line":308,"column":5}},"80":{"start":{"line":266,"column":24},"end":{"line":266,"column":49}},"81":{"start":{"line":267,"column":25},"end":{"line":267,"column":54}},"82":{"start":{"line":269,"column":6},"end":{"line":271,"column":7}},"83":{"start":{"line":270,"column":8},"end":{"line":270,"column":56}},"84":{"start":{"line":274,"column":23},"end":{"line":274,"column":24}},"85":{"start":{"line":276,"column":6},"end":{"line":278,"column":7}},"86":{"start":{"line":277,"column":8},"end":{"line":277,"column":73}},"87":{"start":{"line":279,"column":6},"end":{"line":281,"column":7}},"88":{"start":{"line":280,"column":8},"end":{"line":280,"column":77}},"89":{"start":{"line":282,"column":6},"end":{"line":284,"column":7}},"90":{"start":{"line":283,"column":8},"end":{"line":283,"column":85}},"91":{"start":{"line":285,"column":6},"end":{"line":287,"column":7}},"92":{"start":{"line":286,"column":8},"end":{"line":286,"column":77}},"93":{"start":{"line":288,"column":6},"end":{"line":290,"column":7}},"94":{"start":{"line":289,"column":8},"end":{"line":289,"column":79}},"95":{"start":{"line":293,"column":6},"end":{"line":298,"column":7}},"96":{"start":{"line":294,"column":8},"end":{"line":297,"column":10}},"97":{"start":{"line":300,"column":6},"end":{"line":300,"column":120}},"98":{"start":{"line":303,"column":6},"end":{"line":305,"column":7}},"99":{"start":{"line":304,"column":8},"end":{"line":304,"column":20}},"100":{"start":{"line":306,"column":6},"end":{"line":306,"column":107}},"101":{"start":{"line":315,"column":4},"end":{"line":315,"column":41}},"102":{"start":{"line":322,"column":4},"end":{"line":322,"column":41}},"103":{"start":{"line":327,"column":13},"end":{"line":327,"column":51}}},"fnMap":{"0":{"name":"(anonymous_1)","decl":{"start":{"line":19,"column":2},"end":{"line":19,"column":null}},"loc":{"start":{"line":19,"column":2},"end":{"line":45,"column":3}}},"1":{"name":"(anonymous_2)","decl":{"start":{"line":29,"column":41},"end":{"line":29,"column":42}},"loc":{"start":{"line":29,"column":52},"end":{"line":35,"column":5}}},"2":{"name":"(anonymous_3)","decl":{"start":{"line":39,"column":6},"end":{"line":39,"column":7}},"loc":{"start":{"line":39,"column":20},"end":{"line":39,"column":28}}},"3":{"name":"(anonymous_4)","decl":{"start":{"line":40,"column":6},"end":{"line":40,"column":7}},"loc":{"start":{"line":40,"column":16},"end":{"line":43,"column":7}}},"4":{"name":"(anonymous_5)","decl":{"start":{"line":51,"column":10},"end":{"line":51,"column":27}},"loc":{"start":{"line":51,"column":45},"end":{"line":54,"column":3}}},"5":{"name":"(anonymous_6)","decl":{"start":{"line":59,"column":10},"end":{"line":59,"column":33}},"loc":{"start":{"line":59,"column":59},"end":{"line":64,"column":3}}},"6":{"name":"(anonymous_7)","decl":{"start":{"line":69,"column":2},"end":{"line":69,"column":7}},"loc":{"start":{"line":69,"column":36},"end":{"line":105,"column":3}}},"7":{"name":"(anonymous_8)","decl":{"start":{"line":110,"column":2},"end":{"line":110,"column":7}},"loc":{"start":{"line":110,"column":19},"end":{"line":126,"column":3}}},"8":{"name":"(anonymous_9)","decl":{"start":{"line":133,"column":2},"end":{"line":133,"column":7}},"loc":{"start":{"line":133,"column":17},"end":{"line":156,"column":3}}},"9":{"name":"(anonymous_10)","decl":{"start":{"line":162,"column":2},"end":{"line":162,"column":7}},"loc":{"start":{"line":162,"column":23},"end":{"line":179,"column":3}}},"10":{"name":"(anonymous_11)","decl":{"start":{"line":173,"column":31},"end":{"line":173,"column":40}},"loc":{"start":{"line":173,"column":44},"end":{"line":173,"column":83}}},"11":{"name":"(anonymous_12)","decl":{"start":{"line":185,"column":2},"end":{"line":185,"column":7}},"loc":{"start":{"line":185,"column":20},"end":{"line":201,"column":3}}},"12":{"name":"(anonymous_13)","decl":{"start":{"line":208,"column":2},"end":{"line":208,"column":7}},"loc":{"start":{"line":208,"column":67},"end":{"line":232,"column":3}}},"13":{"name":"(anonymous_14)","decl":{"start":{"line":237,"column":2},"end":{"line":237,"column":7}},"loc":{"start":{"line":237,"column":24},"end":{"line":257,"column":3}}},"14":{"name":"(anonymous_15)","decl":{"start":{"line":263,"column":10},"end":{"line":263,"column":15}},"loc":{"start":{"line":263,"column":77},"end":{"line":309,"column":3}}},"15":{"name":"(anonymous_16)","decl":{"start":{"line":314,"column":2},"end":{"line":314,"column":18}},"loc":{"start":{"line":314,"column":18},"end":{"line":316,"column":3}}},"16":{"name":"(anonymous_17)","decl":{"start":{"line":321,"column":2},"end":{"line":321,"column":22}},"loc":{"start":{"line":321,"column":22},"end":{"line":323,"column":3}}}},"branchMap":{"0":{"loc":{"start":{"line":31,"column":6},"end":{"line":33,"column":7}},"type":"if","locations":[{"start":{"line":31,"column":6},"end":{"line":33,"column":7}}]},"1":{"loc":{"start":{"line":31,"column":10},"end":{"line":31,"column":34}},"type":"binary-expr","locations":[{"start":{"line":31,"column":10},"end":{"line":31,"column":16}},{"start":{"line":31,"column":20},"end":{"line":31,"column":34}}]},"2":{"loc":{"start":{"line":41,"column":41},"end":{"line":41,"column":78}},"type":"binary-expr","locations":[{"start":{"line":41,"column":41},"end":{"line":41,"column":61}},{"start":{"line":41,"column":65},"end":{"line":41,"column":78}}]},"3":{"loc":{"start":{"line":53,"column":20},"end":{"line":53,"column":73}},"type":"cond-expr","locations":[{"start":{"line":53,"column":46},"end":{"line":53,"column":55}},{"start":{"line":53,"column":58},"end":{"line":53,"column":73}}]},"4":{"loc":{"start":{"line":72,"column":14},"end":{"line":72,"column":52}},"type":"binary-expr","locations":[{"start":{"line":72,"column":14},"end":{"line":72,"column":22}},{"start":{"line":72,"column":26},"end":{"line":72,"column":52}}]},"5":{"loc":{"start":{"line":103,"column":47},"end":{"line":103,"column":103}},"type":"cond-expr","locations":[{"start":{"line":103,"column":72},"end":{"line":103,"column":85}},{"start":{"line":103,"column":88},"end":{"line":103,"column":103}}]},"6":{"loc":{"start":{"line":112,"column":6},"end":{"line":114,"column":7}},"type":"if","locations":[{"start":{"line":112,"column":6},"end":{"line":114,"column":7}}]},"7":{"loc":{"start":{"line":124,"column":47},"end":{"line":124,"column":103}},"type":"cond-expr","locations":[{"start":{"line":124,"column":72},"end":{"line":124,"column":85}},{"start":{"line":124,"column":88},"end":{"line":124,"column":103}}]},"8":{"loc":{"start":{"line":135,"column":6},"end":{"line":137,"column":7}},"type":"if","locations":[{"start":{"line":135,"column":6},"end":{"line":137,"column":7}}]},"9":{"loc":{"start":{"line":145,"column":6},"end":{"line":147,"column":7}},"type":"if","locations":[{"start":{"line":145,"column":6},"end":{"line":147,"column":7}}]},"10":{"loc":{"start":{"line":145,"column":10},"end":{"line":145,"column":52}},"type":"binary-expr","locations":[{"start":{"line":145,"column":10},"end":{"line":145,"column":23}},{"start":{"line":145,"column":27},"end":{"line":145,"column":52}}]},"11":{"loc":{"start":{"line":154,"column":44},"end":{"line":154,"column":100}},"type":"cond-expr","locations":[{"start":{"line":154,"column":69},"end":{"line":154,"column":82}},{"start":{"line":154,"column":85},"end":{"line":154,"column":100}}]},"12":{"loc":{"start":{"line":164,"column":6},"end":{"line":166,"column":7}},"type":"if","locations":[{"start":{"line":164,"column":6},"end":{"line":166,"column":7}}]},"13":{"loc":{"start":{"line":177,"column":51},"end":{"line":177,"column":107}},"type":"cond-expr","locations":[{"start":{"line":177,"column":76},"end":{"line":177,"column":89}},{"start":{"line":177,"column":92},"end":{"line":177,"column":107}}]},"14":{"loc":{"start":{"line":187,"column":6},"end":{"line":189,"column":7}},"type":"if","locations":[{"start":{"line":187,"column":6},"end":{"line":189,"column":7}}]},"15":{"loc":{"start":{"line":199,"column":47},"end":{"line":199,"column":103}},"type":"cond-expr","locations":[{"start":{"line":199,"column":72},"end":{"line":199,"column":85}},{"start":{"line":199,"column":88},"end":{"line":199,"column":103}}]},"16":{"loc":{"start":{"line":210,"column":6},"end":{"line":212,"column":7}},"type":"if","locations":[{"start":{"line":210,"column":6},"end":{"line":212,"column":7}}]},"17":{"loc":{"start":{"line":230,"column":59},"end":{"line":230,"column":115}},"type":"cond-expr","locations":[{"start":{"line":230,"column":84},"end":{"line":230,"column":97}},{"start":{"line":230,"column":100},"end":{"line":230,"column":115}}]},"18":{"loc":{"start":{"line":239,"column":6},"end":{"line":241,"column":7}},"type":"if","locations":[{"start":{"line":239,"column":6},"end":{"line":241,"column":7}}]},"19":{"loc":{"start":{"line":255,"column":52},"end":{"line":255,"column":108}},"type":"cond-expr","locations":[{"start":{"line":255,"column":77},"end":{"line":255,"column":90}},{"start":{"line":255,"column":93},"end":{"line":255,"column":108}}]},"20":{"loc":{"start":{"line":269,"column":6},"end":{"line":271,"column":7}},"type":"if","locations":[{"start":{"line":269,"column":6},"end":{"line":271,"column":7}}]},"21":{"loc":{"start":{"line":276,"column":6},"end":{"line":278,"column":7}},"type":"if","locations":[{"start":{"line":276,"column":6},"end":{"line":278,"column":7}}]},"22":{"loc":{"start":{"line":279,"column":6},"end":{"line":281,"column":7}},"type":"if","locations":[{"start":{"line":279,"column":6},"end":{"line":281,"column":7}}]},"23":{"loc":{"start":{"line":282,"column":6},"end":{"line":284,"column":7}},"type":"if","locations":[{"start":{"line":282,"column":6},"end":{"line":284,"column":7}}]},"24":{"loc":{"start":{"line":285,"column":6},"end":{"line":287,"column":7}},"type":"if","locations":[{"start":{"line":285,"column":6},"end":{"line":287,"column":7}}]},"25":{"loc":{"start":{"line":288,"column":6},"end":{"line":290,"column":7}},"type":"if","locations":[{"start":{"line":288,"column":6},"end":{"line":290,"column":7}}]},"26":{"loc":{"start":{"line":293,"column":6},"end":{"line":298,"column":7}},"type":"if","locations":[{"start":{"line":293,"column":6},"end":{"line":298,"column":7}}]},"27":{"loc":{"start":{"line":303,"column":6},"end":{"line":305,"column":7}},"type":"if","locations":[{"start":{"line":303,"column":6},"end":{"line":305,"column":7}}]},"28":{"loc":{"start":{"line":303,"column":10},"end":{"line":303,"column":78}},"type":"binary-expr","locations":[{"start":{"line":303,"column":10},"end":{"line":303,"column":32}},{"start":{"line":303,"column":36},"end":{"line":303,"column":78}}]},"29":{"loc":{"start":{"line":306,"column":59},"end":{"line":306,"column":105}},"type":"cond-expr","locations":[{"start":{"line":306,"column":84},"end":{"line":306,"column":97}},{"start":{"line":306,"column":100},"end":{"line":306,"column":105}}]}},"s":{"0":0,"1":0,"2":0,"3":0,"4":0,"5":0,"6":0,"7":0,"8":0,"9":0,"10":0,"11":0,"12":0,"13":0,"14":0,"15":0,"16":0,"17":0,"18":0,"19":0,"20":0,"21":0,"22":0,"23":0,"24":0,"25":0,"26":0,"27":0,"28":0,"29":0,"30":0,"31":0,"32":0,"33":0,"34":0,"35":0,"36":0,"37":0,"38":0,"39":0,"40":0,"41":0,"42":0,"43":0,"44":0,"45":0,"46":0,"47":0,"48":0,"49":0,"50":0,"51":0,"52":0,"53":0,"54":0,"55":0,"56":0,"57":0,"58":0,"59":0,"60":0,"61":0,"62":0,"63":0,"64":0,"65":0,"66":0,"67":0,"68":0,"69":0,"70":0,"71":0,"72":0,"73":0,"74":0,"75":0,"76":0,"77":0,"78":0,"79":0,"80":0,"81":0,"82":0,"83":0,"84":0,"85":0,"86":0,"87":0,"88":0,"89":0,"90":0,"91":0,"92":0,"93":0,"94":0,"95":0,"96":0,"97":0,"98":0,"99":0,"100":0,"101":0,"102":0,"103":0},"f":{"0":0,"1":0,"2":0,"3":0,"4":0,"5":0,"6":0,"7":0,"8":0,"9":0,"10":0,"11":0,"12":0,"13":0,"14":0,"15":0,"16":0},"b":{"0":[0],"1":[0,0],"2":[0,0],"3":[0,0],"4":[0,0],"5":[0,0],"6":[0],"7":[0,0],"8":[0],"9":[0],"10":[0,0],"11":[0,0],"12":[0],"13":[0,0],"14":[0],"15":[0,0],"16":[0],"17":[0,0],"18":[0],"19":[0,0],"20":[0],"21":[0],"22":[0],"23":[0],"24":[0],"25":[0],"26":[0],"27":[0],"28":[0,0],"29":[0,0]}}
,"/Users/joshgarza/Coding/VertexArbiter/packages/backend/src/config/constants.ts": {"path":"/Users/joshgarza/Coding/VertexArbiter/packages/backend/src/config/constants.ts","statementMap":{"0":{"start":{"line":1,"column":13},"end":{"line":11,"column":11}},"1":{"start":{"line":13,"column":13},"end":{"line":16,"column":11}}},"fnMap":{},"branchMap":{"0":{"loc":{"start":{"line":14,"column":8},"end":{"line":14,"column":32}},"type":"binary-expr","locations":[{"start":{"line":14,"column":8},"end":{"line":14,"column":24}},{"start":{"line":14,"column":28},"end":{"line":14,"column":32}}]},"1":{"loc":{"start":{"line":15,"column":12},"end":{"line":15,"column":49}},"type":"binary-expr","locations":[{"start":{"line":15,"column":12},"end":{"line":15,"column":32}},{"start":{"line":15,"column":36},"end":{"line":15,"column":49}}]}},"s":{"0":0,"1":0},"f":{},"b":{"0":[0,0],"1":[0,0]}}
,"/Users/joshgarza/Coding/VertexArbiter/packages/backend/src/config/index.ts": {"path":"/Users/joshgarza/Coding/VertexArbiter/packages/backend/src/config/index.ts","statementMap":{"0":{"start":{"line":2,"column":0},"end":{"line":2,"column":25}},"1":{"start":{"line":3,"column":0},"end":{"line":3,"column":29}},"2":{"start":{"line":5,"column":25},"end":{"line":5,"column":66}},"3":{"start":{"line":8,"column":10},"end":{"line":8,"column":47}},"4":{"start":{"line":12,"column":4},"end":{"line":12,"column":29}},"5":{"start":{"line":16,"column":4},"end":{"line":25,"column":5}},"6":{"start":{"line":17,"column":6},"end":{"line":21,"column":7}},"7":{"start":{"line":18,"column":27},"end":{"line":18,"column":68}},"8":{"start":{"line":19,"column":8},"end":{"line":19,"column":49}},"9":{"start":{"line":20,"column":8},"end":{"line":20,"column":86}},"10":{"start":{"line":23,"column":6},"end":{"line":23,"column":60}},"11":{"start":{"line":24,"column":6},"end":{"line":24,"column":29}},"12":{"start":{"line":29,"column":4},"end":{"line":36,"column":5}},"13":{"start":{"line":30,"column":6},"end":{"line":33,"column":7}},"14":{"start":{"line":31,"column":8},"end":{"line":31,"column":85}},"15":{"start":{"line":32,"column":8},"end":{"line":32,"column":74}},"16":{"start":{"line":35,"column":6},"end":{"line":35,"column":60}},"17":{"start":{"line":40,"column":4},"end":{"line":40,"column":29}},"18":{"start":{"line":41,"column":4},"end":{"line":41,"column":29}},"19":{"start":{"line":42,"column":4},"end":{"line":42,"column":86}},"20":{"start":{"line":46,"column":4},"end":{"line":46,"column":27}},"21":{"start":{"line":50,"column":4},"end":{"line":50,"column":44}},"22":{"start":{"line":54,"column":4},"end":{"line":54,"column":36}},"23":{"start":{"line":58,"column":4},"end":{"line":58,"column":41}},"24":{"start":{"line":62,"column":4},"end":{"line":62,"column":42}},"25":{"start":{"line":66,"column":4},"end":{"line":66,"column":27}},"26":{"start":{"line":68,"column":4},"end":{"line":75,"column":5}},"27":{"start":{"line":69,"column":6},"end":{"line":72,"column":7}},"28":{"start":{"line":70,"column":8},"end":{"line":70,"column":40}},"29":{"start":{"line":71,"column":8},"end":{"line":71,"column":55}},"30":{"start":{"line":74,"column":6},"end":{"line":74,"column":67}},"31":{"start":{"line":76,"column":4},"end":{"line":76,"column":46}},"32":{"start":{"line":81,"column":13},"end":{"line":81,"column":49}}},"fnMap":{"0":{"name":"(anonymous_9)","decl":{"start":{"line":10,"column":2},"end":{"line":10,"column":null}},"loc":{"start":{"line":10,"column":2},"end":{"line":13,"column":3}}},"1":{"name":"(anonymous_10)","decl":{"start":{"line":15,"column":10},"end":{"line":15,"column":27}},"loc":{"start":{"line":15,"column":27},"end":{"line":26,"column":3}}},"2":{"name":"(anonymous_11)","decl":{"start":{"line":28,"column":10},"end":{"line":28,"column":27}},"loc":{"start":{"line":28,"column":27},"end":{"line":37,"column":3}}},"3":{"name":"(anonymous_12)","decl":{"start":{"line":39,"column":2},"end":{"line":39,"column":15}},"loc":{"start":{"line":39,"column":34},"end":{"line":43,"column":3}}},"4":{"name":"(anonymous_13)","decl":{"start":{"line":45,"column":2},"end":{"line":45,"column":15}},"loc":{"start":{"line":45,"column":15},"end":{"line":47,"column":3}}},"5":{"name":"(anonymous_14)","decl":{"start":{"line":49,"column":2},"end":{"line":49,"column":11}},"loc":{"start":{"line":49,"column":11},"end":{"line":51,"column":3}}},"6":{"name":"(anonymous_15)","decl":{"start":{"line":53,"column":2},"end":{"line":53,"column":15}},"loc":{"start":{"line":53,"column":15},"end":{"line":55,"column":3}}},"7":{"name":"(anonymous_16)","decl":{"start":{"line":57,"column":2},"end":{"line":57,"column":13}},"loc":{"start":{"line":57,"column":13},"end":{"line":59,"column":3}}},"8":{"name":"(anonymous_17)","decl":{"start":{"line":61,"column":2},"end":{"line":61,"column":14}},"loc":{"start":{"line":61,"column":14},"end":{"line":63,"column":3}}},"9":{"name":"(anonymous_18)","decl":{"start":{"line":65,"column":2},"end":{"line":65,"column":17}},"loc":{"start":{"line":65,"column":17},"end":{"line":77,"column":3}}}},"branchMap":{"0":{"loc":{"start":{"line":17,"column":6},"end":{"line":21,"column":7}},"type":"if","locations":[{"start":{"line":17,"column":6},"end":{"line":21,"column":7}}]},"1":{"loc":{"start":{"line":30,"column":6},"end":{"line":33,"column":7}},"type":"if","locations":[{"start":{"line":30,"column":6},"end":{"line":33,"column":7}}]},"2":{"loc":{"start":{"line":50,"column":11},"end":{"line":50,"column":43}},"type":"binary-expr","locations":[{"start":{"line":50,"column":11},"end":{"line":50,"column":35}},{"start":{"line":50,"column":39},"end":{"line":50,"column":43}}]},"3":{"loc":{"start":{"line":58,"column":11},"end":{"line":58,"column":40}},"type":"binary-expr","locations":[{"start":{"line":58,"column":11},"end":{"line":58,"column":32}},{"start":{"line":58,"column":36},"end":{"line":58,"column":40}}]},"4":{"loc":{"start":{"line":62,"column":11},"end":{"line":62,"column":41}},"type":"binary-expr","locations":[{"start":{"line":62,"column":11},"end":{"line":62,"column":33}},{"start":{"line":62,"column":37},"end":{"line":62,"column":41}}]},"5":{"loc":{"start":{"line":69,"column":6},"end":{"line":72,"column":7}},"type":"if","locations":[{"start":{"line":69,"column":6},"end":{"line":72,"column":7}}]}},"s":{"0":0,"1":0,"2":0,"3":0,"4":0,"5":0,"6":0,"7":0,"8":0,"9":0,"10":0,"11":0,"12":0,"13":0,"14":0,"15":0,"16":0,"17":0,"18":0,"19":0,"20":0,"21":0,"22":0,"23":0,"24":0,"25":0,"26":0,"27":0,"28":0,"29":0,"30":0,"31":0,"32":0},"f":{"0":0,"1":0,"2":0,"3":0,"4":0,"5":0,"6":0,"7":0,"8":0,"9":0},"b":{"0":[0],"1":[0],"2":[0,0],"3":[0,0],"4":[0,0],"5":[0]}}
,"/Users/joshgarza/Coding/VertexArbiter/packages/backend/src/services/profitabilityService.ts": {"path":"/Users/joshgarza/Coding/VertexArbiter/packages/backend/src/services/profitabilityService.ts","statementMap":{"0":{"start":{"line":68,"column":22},"end":{"line":68,"column":68}},"1":{"start":{"line":69,"column":25},"end":{"line":69,"column":96}},"2":{"start":{"line":70,"column":29},"end":{"line":70,"column":96}},"3":{"start":{"line":73,"column":25},"end":{"line":73,"column":114}},"4":{"start":{"line":74,"column":22},"end":{"line":74,"column":114}},"5":{"start":{"line":75,"column":24},"end":{"line":75,"column":102}},"6":{"start":{"line":78,"column":26},"end":{"line":78,"column":115}},"7":{"start":{"line":79,"column":24},"end":{"line":79,"column":107}},"8":{"start":{"line":80,"column":23},"end":{"line":80,"column":65}},"9":{"start":{"line":81,"column":25},"end":{"line":81,"column":51}},"10":{"start":{"line":83,"column":29},"end":{"line":83,"column":85}},"11":{"start":{"line":84,"column":27},"end":{"line":84,"column":79}},"12":{"start":{"line":85,"column":26},"end":{"line":85,"column":71}},"13":{"start":{"line":86,"column":28},"end":{"line":86,"column":60}},"14":{"start":{"line":89,"column":30},"end":{"line":89,"column":119}},"15":{"start":{"line":92,"column":30},"end":{"line":123,"column":6}},"16":{"start":{"line":125,"column":4},"end":{"line":156,"column":6}},"17":{"start":{"line":168,"column":30},"end":{"line":168,"column":87}},"18":{"start":{"line":169,"column":33},"end":{"line":169,"column":99}},"19":{"start":{"line":172,"column":24},"end":{"line":172,"column":54}},"20":{"start":{"line":173,"column":29},"end":{"line":173,"column":79}},"21":{"start":{"line":174,"column":36},"end":{"line":174,"column":102}},"22":{"start":{"line":177,"column":4},"end":{"line":195,"column":5}},"23":{"start":{"line":178,"column":6},"end":{"line":182,"column":8}},"24":{"start":{"line":183,"column":11},"end":{"line":195,"column":5}},"25":{"start":{"line":184,"column":6},"end":{"line":188,"column":8}},"26":{"start":{"line":190,"column":6},"end":{"line":194,"column":8}},"27":{"start":{"line":202,"column":17},"end":{"line":202,"column":49}},"28":{"start":{"line":203,"column":4},"end":{"line":203,"column":58}},"29":{"start":{"line":218,"column":25},"end":{"line":218,"column":87}},"30":{"start":{"line":219,"column":23},"end":{"line":219,"column":79}},"31":{"start":{"line":220,"column":22},"end":{"line":220,"column":55}},"32":{"start":{"line":221,"column":24},"end":{"line":221,"column":48}},"33":{"start":{"line":223,"column":4},"end":{"line":230,"column":6}},"34":{"start":{"line":243,"column":25},"end":{"line":243,"column":63}},"35":{"start":{"line":244,"column":23},"end":{"line":244,"column":57}},"36":{"start":{"line":245,"column":22},"end":{"line":245,"column":55}},"37":{"start":{"line":246,"column":24},"end":{"line":246,"column":48}},"38":{"start":{"line":248,"column":4},"end":{"line":255,"column":6}},"39":{"start":{"line":268,"column":21},"end":{"line":268,"column":23}},"40":{"start":{"line":270,"column":4},"end":{"line":278,"column":5}},"41":{"start":{"line":271,"column":6},"end":{"line":277,"column":9}},"42":{"start":{"line":280,"column":4},"end":{"line":288,"column":5}},"43":{"start":{"line":281,"column":6},"end":{"line":287,"column":9}},"44":{"start":{"line":290,"column":4},"end":{"line":298,"column":5}},"45":{"start":{"line":291,"column":6},"end":{"line":297,"column":9}},"46":{"start":{"line":300,"column":4},"end":{"line":308,"column":5}},"47":{"start":{"line":301,"column":6},"end":{"line":307,"column":9}},"48":{"start":{"line":310,"column":4},"end":{"line":318,"column":5}},"49":{"start":{"line":311,"column":6},"end":{"line":317,"column":9}},"50":{"start":{"line":320,"column":4},"end":{"line":320,"column":50}},"51":{"start":{"line":320,"column":35},"end":{"line":320,"column":48}},"52":{"start":{"line":58,"column":0},"end":{"line":58,"column":13}}},"fnMap":{"0":{"name":"(anonymous_0)","decl":{"start":{"line":62,"column":2},"end":{"line":62,"column":8}},"loc":{"start":{"line":65,"column":54},"end":{"line":157,"column":3}}},"1":{"name":"(anonymous_1)","decl":{"start":{"line":162,"column":2},"end":{"line":162,"column":8}},"loc":{"start":{"line":166,"column":26},"end":{"line":196,"column":3}}},"2":{"name":"(anonymous_2)","decl":{"start":{"line":201,"column":2},"end":{"line":201,"column":8}},"loc":{"start":{"line":201,"column":77},"end":{"line":204,"column":3}}},"3":{"name":"(anonymous_3)","decl":{"start":{"line":209,"column":2},"end":{"line":209,"column":8}},"loc":{"start":{"line":216,"column":23},"end":{"line":231,"column":3}}},"4":{"name":"(anonymous_4)","decl":{"start":{"line":236,"column":2},"end":{"line":236,"column":8}},"loc":{"start":{"line":241,"column":23},"end":{"line":256,"column":3}}},"5":{"name":"(anonymous_5)","decl":{"start":{"line":261,"column":2},"end":{"line":261,"column":8}},"loc":{"start":{"line":261,"column":68},"end":{"line":321,"column":3}}},"6":{"name":"(anonymous_6)","decl":{"start":{"line":320,"column":25},"end":{"line":320,"column":26}},"loc":{"start":{"line":320,"column":35},"end":{"line":320,"column":48}}}},"branchMap":{"0":{"loc":{"start":{"line":69,"column":25},"end":{"line":69,"column":96}},"type":"cond-expr","locations":[{"start":{"line":69,"column":52},"end":{"line":69,"column":92}},{"start":{"line":69,"column":95},"end":{"line":69,"column":96}}]},"1":{"loc":{"start":{"line":70,"column":29},"end":{"line":70,"column":96}},"type":"cond-expr","locations":[{"start":{"line":70,"column":42},"end":{"line":70,"column":92}},{"start":{"line":70,"column":95},"end":{"line":70,"column":96}}]},"2":{"loc":{"start":{"line":73,"column":25},"end":{"line":73,"column":114}},"type":"cond-expr","locations":[{"start":{"line":73,"column":55},"end":{"line":73,"column":110}},{"start":{"line":73,"column":113},"end":{"line":73,"column":114}}]},"3":{"loc":{"start":{"line":74,"column":22},"end":{"line":74,"column":114}},"type":"cond-expr","locations":[{"start":{"line":74,"column":52},"end":{"line":74,"column":110}},{"start":{"line":74,"column":113},"end":{"line":74,"column":114}}]},"4":{"loc":{"start":{"line":75,"column":24},"end":{"line":75,"column":102}},"type":"cond-expr","locations":[{"start":{"line":75,"column":54},"end":{"line":75,"column":98}},{"start":{"line":75,"column":101},"end":{"line":75,"column":102}}]},"5":{"loc":{"start":{"line":93,"column":17},"end":{"line":98,"column":14}},"type":"cond-expr","locations":[{"start":{"line":93,"column":41},"end":{"line":98,"column":8}},{"start":{"line":98,"column":10},"end":{"line":98,"column":14}}]},"6":{"loc":{"start":{"line":99,"column":19},"end":{"line":104,"column":14}},"type":"cond-expr","locations":[{"start":{"line":99,"column":45},"end":{"line":104,"column":8}},{"start":{"line":104,"column":10},"end":{"line":104,"column":14}}]},"7":{"loc":{"start":{"line":105,"column":23},"end":{"line":110,"column":14}},"type":"cond-expr","locations":[{"start":{"line":105,"column":53},"end":{"line":110,"column":8}},{"start":{"line":110,"column":10},"end":{"line":110,"column":14}}]},"8":{"loc":{"start":{"line":111,"column":18},"end":{"line":116,"column":14}},"type":"cond-expr","locations":[{"start":{"line":111,"column":43},"end":{"line":116,"column":8}},{"start":{"line":116,"column":10},"end":{"line":116,"column":14}}]},"9":{"loc":{"start":{"line":117,"column":19},"end":{"line":122,"column":14}},"type":"cond-expr","locations":[{"start":{"line":117,"column":45},"end":{"line":122,"column":8}},{"start":{"line":122,"column":10},"end":{"line":122,"column":14}}]},"10":{"loc":{"start":{"line":143,"column":23},"end":{"line":143,"column":80}},"type":"cond-expr","locations":[{"start":{"line":143,"column":41},"end":{"line":143,"column":76}},{"start":{"line":143,"column":79},"end":{"line":143,"column":80}}]},"11":{"loc":{"start":{"line":144,"column":22},"end":{"line":144,"column":80}},"type":"cond-expr","locations":[{"start":{"line":144,"column":40},"end":{"line":144,"column":76}},{"start":{"line":144,"column":79},"end":{"line":144,"column":80}}]},"12":{"loc":{"start":{"line":151,"column":23},"end":{"line":151,"column":89}},"type":"cond-expr","locations":[{"start":{"line":151,"column":44},"end":{"line":151,"column":85}},{"start":{"line":151,"column":88},"end":{"line":151,"column":89}}]},"13":{"loc":{"start":{"line":152,"column":22},"end":{"line":152,"column":89}},"type":"cond-expr","locations":[{"start":{"line":152,"column":43},"end":{"line":152,"column":85}},{"start":{"line":152,"column":88},"end":{"line":152,"column":89}}]},"14":{"loc":{"start":{"line":168,"column":30},"end":{"line":168,"column":87}},"type":"cond-expr","locations":[{"start":{"line":168,"column":48},"end":{"line":168,"column":83}},{"start":{"line":168,"column":86},"end":{"line":168,"column":87}}]},"15":{"loc":{"start":{"line":169,"column":33},"end":{"line":169,"column":99}},"type":"cond-expr","locations":[{"start":{"line":169,"column":54},"end":{"line":169,"column":95}},{"start":{"line":169,"column":98},"end":{"line":169,"column":99}}]},"16":{"loc":{"start":{"line":174,"column":36},"end":{"line":174,"column":102}},"type":"cond-expr","locations":[{"start":{"line":174,"column":54},"end":{"line":174,"column":98}},{"start":{"line":174,"column":101},"end":{"line":174,"column":102}}]},"17":{"loc":{"start":{"line":177,"column":4},"end":{"line":195,"column":5}},"type":"if","locations":[{"start":{"line":177,"column":4},"end":{"line":195,"column":5}},{"start":{"line":183,"column":11},"end":{"line":195,"column":5}}]},"18":{"loc":{"start":{"line":183,"column":11},"end":{"line":195,"column":5}},"type":"if","locations":[{"start":{"line":183,"column":11},"end":{"line":195,"column":5}},{"start":{"line":189,"column":11},"end":{"line":195,"column":5}}]},"19":{"loc":{"start":{"line":203,"column":11},"end":{"line":203,"column":57}},"type":"cond-expr","locations":[{"start":{"line":203,"column":22},"end":{"line":203,"column":53}},{"start":{"line":203,"column":56},"end":{"line":203,"column":57}}]},"20":{"loc":{"start":{"line":228,"column":19},"end":{"line":228,"column":73}},"type":"cond-expr","locations":[{"start":{"line":228,"column":36},"end":{"line":228,"column":69}},{"start":{"line":228,"column":72},"end":{"line":228,"column":73}}]},"21":{"loc":{"start":{"line":229,"column":18},"end":{"line":229,"column":73}},"type":"cond-expr","locations":[{"start":{"line":229,"column":35},"end":{"line":229,"column":69}},{"start":{"line":229,"column":72},"end":{"line":229,"column":73}}]},"22":{"loc":{"start":{"line":253,"column":19},"end":{"line":253,"column":73}},"type":"cond-expr","locations":[{"start":{"line":253,"column":36},"end":{"line":253,"column":69}},{"start":{"line":253,"column":72},"end":{"line":253,"column":73}}]},"23":{"loc":{"start":{"line":254,"column":18},"end":{"line":254,"column":73}},"type":"cond-expr","locations":[{"start":{"line":254,"column":35},"end":{"line":254,"column":69}},{"start":{"line":254,"column":72},"end":{"line":254,"column":73}}]},"24":{"loc":{"start":{"line":270,"column":4},"end":{"line":278,"column":5}},"type":"if","locations":[{"start":{"line":270,"column":4},"end":{"line":278,"column":5}}]},"25":{"loc":{"start":{"line":280,"column":4},"end":{"line":288,"column":5}},"type":"if","locations":[{"start":{"line":280,"column":4},"end":{"line":288,"column":5}}]},"26":{"loc":{"start":{"line":290,"column":4},"end":{"line":298,"column":5}},"type":"if","locations":[{"start":{"line":290,"column":4},"end":{"line":298,"column":5}}]},"27":{"loc":{"start":{"line":300,"column":4},"end":{"line":308,"column":5}},"type":"if","locations":[{"start":{"line":300,"column":4},"end":{"line":308,"column":5}}]},"28":{"loc":{"start":{"line":310,"column":4},"end":{"line":318,"column":5}},"type":"if","locations":[{"start":{"line":310,"column":4},"end":{"line":318,"column":5}}]}},"s":{"0":6,"1":6,"2":6,"3":6,"4":6,"5":6,"6":6,"7":6,"8":6,"9":6,"10":6,"11":6,"12":6,"13":6,"14":6,"15":6,"16":6,"17":10,"18":10,"19":10,"20":10,"21":10,"22":10,"23":1,"24":9,"25":1,"26":8,"27":33,"28":33,"29":2,"30":2,"31":2,"32":2,"33":2,"34":1,"35":1,"36":1,"37":1,"38":1,"39":2,"40":2,"41":1,"42":2,"43":2,"44":2,"45":1,"46":2,"47":1,"48":2,"49":1,"50":2,"51":7,"52":1},"f":{"0":6,"1":10,"2":33,"3":2,"4":1,"5":2,"6":7},"b":{"0":[4,2],"1":[5,1],"2":[5,1],"3":[5,1],"4":[5,1],"5":[6,0],"6":[6,0],"7":[6,0],"8":[6,0],"9":[6,0],"10":[6,0],"11":[6,0],"12":[6,0],"13":[6,0],"14":[9,1],"15":[9,1],"16":[9,1],"17":[1,9],"18":[1,8],"19":[32,1],"20":[1,1],"21":[1,1],"22":[1,0],"23":[1,0],"24":[1],"25":[2],"26":[1],"27":[1],"28":[1]}}
,"/Users/joshgarza/Coding/VertexArbiter/packages/backend/src/services/startupService.ts": {"path":"/Users/joshgarza/Coding/VertexArbiter/packages/backend/src/services/startupService.ts","statementMap":{"0":{"start":{"line":2,"column":0},"end":{"line":2,"column":55}},"1":{"start":{"line":4,"column":0},"end":{"line":4,"column":85}},"2":{"start":{"line":10,"column":4},"end":{"line":10,"column":17}},"3":{"start":{"line":17,"column":4},"end":{"line":69,"column":5}},"4":{"start":{"line":18,"column":6},"end":{"line":18,"column":65}},"5":{"start":{"line":21,"column":6},"end":{"line":24,"column":7}},"6":{"start":{"line":22,"column":8},"end":{"line":22,"column":86}},"7":{"start":{"line":23,"column":8},"end":{"line":23,"column":15}},"8":{"start":{"line":27,"column":25},"end":{"line":27,"column":62}},"9":{"start":{"line":28,"column":6},"end":{"line":28,"column":50}},"10":{"start":{"line":29,"column":6},"end":{"line":29,"column":78}},"11":{"start":{"line":32,"column":57},"end":{"line":38,"column":8}},"12":{"start":{"line":41,"column":6},"end":{"line":41,"column":68}},"13":{"start":{"line":42,"column":6},"end":{"line":42,"column":74}},"14":{"start":{"line":43,"column":6},"end":{"line":43,"column":78}},"15":{"start":{"line":44,"column":6},"end":{"line":44,"column":86}},"16":{"start":{"line":45,"column":6},"end":{"line":45,"column":76}},"17":{"start":{"line":46,"column":6},"end":{"line":46,"column":78}},"18":{"start":{"line":49,"column":31},"end":{"line":49,"column":94}},"19":{"start":{"line":50,"column":6},"end":{"line":50,"column":84}},"20":{"start":{"line":53,"column":28},"end":{"line":53,"column":69}},"21":{"start":{"line":56,"column":6},"end":{"line":56,"column":49}},"22":{"start":{"line":58,"column":6},"end":{"line":58,"column":63}},"23":{"start":{"line":61,"column":6},"end":{"line":61,"column":104}},"24":{"start":{"line":64,"column":6},"end":{"line":68,"column":9}},"25":{"start":{"line":76,"column":19},"end":{"line":76,"column":58}},"26":{"start":{"line":77,"column":19},"end":{"line":77,"column":51}},"27":{"start":{"line":78,"column":23},"end":{"line":78,"column":60}},"28":{"start":{"line":81,"column":21},"end":{"line":81,"column":87}},"29":{"start":{"line":83,"column":4},"end":{"line":83,"column":35}},"30":{"start":{"line":90,"column":20},"end":{"line":94,"column":6}},"31":{"start":{"line":96,"column":4},"end":{"line":96,"column":68}},"32":{"start":{"line":97,"column":4},"end":{"line":97,"column":80}},"33":{"start":{"line":98,"column":4},"end":{"line":98,"column":82}},"34":{"start":{"line":99,"column":4},"end":{"line":99,"column":88}},"35":{"start":{"line":100,"column":4},"end":{"line":100,"column":96}},"36":{"start":{"line":101,"column":4},"end":{"line":101,"column":107}},"37":{"start":{"line":102,"column":4},"end":{"line":102,"column":82}},"38":{"start":{"line":103,"column":4},"end":{"line":103,"column":96}},"39":{"start":{"line":106,"column":4},"end":{"line":106,"column":44}},"40":{"start":{"line":113,"column":4},"end":{"line":113,"column":84}},"41":{"start":{"line":115,"column":4},"end":{"line":124,"column":36}},"42":{"start":{"line":116,"column":6},"end":{"line":123,"column":7}},"43":{"start":{"line":117,"column":8},"end":{"line":120,"column":9}},"44":{"start":{"line":118,"column":32},"end":{"line":118,"column":73}},"45":{"start":{"line":119,"column":10},"end":{"line":119,"column":53}},"46":{"start":{"line":122,"column":8},"end":{"line":122,"column":99}},"47":{"start":{"line":6,"column":0},"end":{"line":6,"column":13}}},"fnMap":{"0":{"name":"(anonymous_0)","decl":{"start":{"line":9,"column":2},"end":{"line":9,"column":14}},"loc":{"start":{"line":9,"column":24},"end":{"line":11,"column":3}}},"1":{"name":"(anonymous_1)","decl":{"start":{"line":16,"column":2},"end":{"line":16,"column":7}},"loc":{"start":{"line":16,"column":18},"end":{"line":70,"column":3}}},"2":{"name":"(anonymous_2)","decl":{"start":{"line":75,"column":10},"end":{"line":75,"column":15}},"loc":{"start":{"line":75,"column":44},"end":{"line":84,"column":3}}},"3":{"name":"(anonymous_3)","decl":{"start":{"line":89,"column":10},"end":{"line":89,"column":32}},"loc":{"start":{"line":89,"column":99},"end":{"line":107,"column":3}}},"4":{"name":"(anonymous_4)","decl":{"start":{"line":112,"column":2},"end":{"line":112,"column":22}},"loc":{"start":{"line":112,"column":50},"end":{"line":125,"column":3}}},"5":{"name":"(anonymous_5)","decl":{"start":{"line":115,"column":16},"end":{"line":115,"column":21}},"loc":{"start":{"line":115,"column":27},"end":{"line":124,"column":5}}}},"branchMap":{"0":{"loc":{"start":{"line":21,"column":6},"end":{"line":24,"column":7}},"type":"if","locations":[{"start":{"line":21,"column":6},"end":{"line":24,"column":7}}]},"1":{"loc":{"start":{"line":61,"column":56},"end":{"line":61,"column":102}},"type":"cond-expr","locations":[{"start":{"line":61,"column":81},"end":{"line":61,"column":94}},{"start":{"line":61,"column":97},"end":{"line":61,"column":102}}]},"2":{"loc":{"start":{"line":66,"column":15},"end":{"line":66,"column":71}},"type":"cond-expr","locations":[{"start":{"line":66,"column":40},"end":{"line":66,"column":53}},{"start":{"line":66,"column":56},"end":{"line":66,"column":71}}]},"3":{"loc":{"start":{"line":112,"column":23},"end":{"line":112,"column":50}},"type":"default-arg","locations":[{"start":{"line":112,"column":49},"end":{"line":112,"column":50}}]},"4":{"loc":{"start":{"line":117,"column":8},"end":{"line":120,"column":9}},"type":"if","locations":[{"start":{"line":117,"column":8},"end":{"line":120,"column":9}}]},"5":{"loc":{"start":{"line":122,"column":51},"end":{"line":122,"column":97}},"type":"cond-expr","locations":[{"start":{"line":122,"column":76},"end":{"line":122,"column":89}},{"start":{"line":122,"column":92},"end":{"line":122,"column":97}}]}},"s":{"0":0,"1":0,"2":0,"3":0,"4":0,"5":0,"6":0,"7":0,"8":0,"9":0,"10":0,"11":0,"12":0,"13":0,"14":0,"15":0,"16":0,"17":0,"18":0,"19":0,"20":0,"21":0,"22":0,"23":0,"24":0,"25":0,"26":0,"27":0,"28":0,"29":0,"30":0,"31":0,"32":0,"33":0,"34":0,"35":0,"36":0,"37":0,"38":0,"39":0,"40":0,"41":0,"42":0,"43":0,"44":0,"45":0,"46":0,"47":0},"f":{"0":0,"1":0,"2":0,"3":0,"4":0,"5":0},"b":{"0":[0],"1":[0,0],"2":[0,0],"3":[0],"4":[0],"5":[0,0]}}
,"/Users/joshgarza/Coding/VertexArbiter/packages/backend/src/sockets/socketManager.ts": {"path":"/Users/joshgarza/Coding/VertexArbiter/packages/backend/src/sockets/socketManager.ts","statementMap":{"0":{"start":{"line":2,"column":0},"end":{"line":2,"column":55}},"1":{"start":{"line":3,"column":0},"end":{"line":3,"column":95}},"2":{"start":{"line":6,"column":40},"end":{"line":131,"column":1}},"3":{"start":{"line":7,"column":2},"end":{"line":122,"column":5}},"4":{"start":{"line":8,"column":4},"end":{"line":8,"column":53}},"5":{"start":{"line":11,"column":4},"end":{"line":13,"column":7}},"6":{"start":{"line":12,"column":6},"end":{"line":12,"column":77}},"7":{"start":{"line":16,"column":4},"end":{"line":20,"column":7}},"8":{"start":{"line":17,"column":6},"end":{"line":17,"column":48}},"9":{"start":{"line":19,"column":6},"end":{"line":19,"column":31}},"10":{"start":{"line":23,"column":4},"end":{"line":63,"column":7}},"11":{"start":{"line":24,"column":6},"end":{"line":24,"column":94}},"12":{"start":{"line":26,"column":6},"end":{"line":62,"column":7}},"13":{"start":{"line":28,"column":8},"end":{"line":34,"column":9}},"14":{"start":{"line":29,"column":10},"end":{"line":32,"column":13}},"15":{"start":{"line":33,"column":10},"end":{"line":33,"column":17}},"16":{"start":{"line":37,"column":42},"end":{"line":37,"column":78}},"17":{"start":{"line":40,"column":24},"end":{"line":45,"column":10}},"18":{"start":{"line":47,"column":8},"end":{"line":47,"column":47}},"19":{"start":{"line":49,"column":8},"end":{"line":49,"column":74}},"20":{"start":{"line":50,"column":8},"end":{"line":50,"column":90}},"21":{"start":{"line":51,"column":8},"end":{"line":51,"column":94}},"22":{"start":{"line":52,"column":8},"end":{"line":52,"column":113}},"23":{"start":{"line":55,"column":8},"end":{"line":55,"column":131}},"24":{"start":{"line":57,"column":8},"end":{"line":61,"column":11}},"25":{"start":{"line":66,"column":4},"end":{"line":106,"column":7}},"26":{"start":{"line":67,"column":6},"end":{"line":67,"column":73}},"27":{"start":{"line":70,"column":6},"end":{"line":73,"column":9}},"28":{"start":{"line":76,"column":6},"end":{"line":105,"column":7}},"29":{"start":{"line":77,"column":8},"end":{"line":96,"column":9}},"30":{"start":{"line":78,"column":10},"end":{"line":78,"column":101}},"31":{"start":{"line":80,"column":44},"end":{"line":80,"column":80}},"32":{"start":{"line":82,"column":26},"end":{"line":87,"column":12}},"33":{"start":{"line":89,"column":10},"end":{"line":89,"column":49}},"34":{"start":{"line":91,"column":10},"end":{"line":91,"column":78}},"35":{"start":{"line":92,"column":10},"end":{"line":92,"column":92}},"36":{"start":{"line":93,"column":10},"end":{"line":93,"column":115}},"37":{"start":{"line":95,"column":10},"end":{"line":95,"column":103}},"38":{"start":{"line":98,"column":8},"end":{"line":98,"column":137}},"39":{"start":{"line":100,"column":8},"end":{"line":104,"column":11}},"40":{"start":{"line":109,"column":4},"end":{"line":119,"column":7}},"41":{"start":{"line":121,"column":4},"end":{"line":121,"column":66}},"42":{"start":{"line":125,"column":2},"end":{"line":130,"column":12}},"43":{"start":{"line":126,"column":24},"end":{"line":126,"column":46}},"44":{"start":{"line":127,"column":4},"end":{"line":129,"column":5}},"45":{"start":{"line":128,"column":6},"end":{"line":128,"column":68}},"46":{"start":{"line":6,"column":13},"end":{"line":6,"column":40}},"47":{"start":{"line":137,"column":17},"end":{"line":137,"column":56}},"48":{"start":{"line":138,"column":17},"end":{"line":138,"column":49}},"49":{"start":{"line":139,"column":21},"end":{"line":139,"column":58}},"50":{"start":{"line":142,"column":19},"end":{"line":142,"column":85}},"51":{"start":{"line":144,"column":2},"end":{"line":144,"column":33}}},"fnMap":{"0":{"name":"(anonymous_0)","decl":{"start":{"line":6,"column":40},"end":{"line":6,"column":41}},"loc":{"start":{"line":6,"column":55},"end":{"line":131,"column":1}}},"1":{"name":"(anonymous_1)","decl":{"start":{"line":7,"column":22},"end":{"line":7,"column":23}},"loc":{"start":{"line":7,"column":33},"end":{"line":122,"column":3}}},"2":{"name":"(anonymous_2)","decl":{"start":{"line":11,"column":28},"end":{"line":11,"column":29}},"loc":{"start":{"line":11,"column":39},"end":{"line":13,"column":5}}},"3":{"name":"(anonymous_3)","decl":{"start":{"line":16,"column":25},"end":{"line":16,"column":26}},"loc":{"start":{"line":16,"column":34},"end":{"line":20,"column":5}}},"4":{"name":"(anonymous_4)","decl":{"start":{"line":23,"column":40},"end":{"line":23,"column":45}},"loc":{"start":{"line":23,"column":51},"end":{"line":63,"column":5}}},"5":{"name":"(anonymous_5)","decl":{"start":{"line":66,"column":35},"end":{"line":66,"column":40}},"loc":{"start":{"line":66,"column":50},"end":{"line":106,"column":5}}},"6":{"name":"(anonymous_6)","decl":{"start":{"line":125,"column":14},"end":{"line":125,"column":17}},"loc":{"start":{"line":125,"column":19},"end":{"line":130,"column":3}}},"7":{"name":"getMachineStatusWithAnalysis","decl":{"start":{"line":136,"column":15},"end":{"line":136,"column":43}},"loc":{"start":{"line":136,"column":43},"end":{"line":145,"column":1}}}},"branchMap":{"0":{"loc":{"start":{"line":28,"column":8},"end":{"line":34,"column":9}},"type":"if","locations":[{"start":{"line":28,"column":8},"end":{"line":34,"column":9}}]},"1":{"loc":{"start":{"line":55,"column":83},"end":{"line":55,"column":129}},"type":"cond-expr","locations":[{"start":{"line":55,"column":108},"end":{"line":55,"column":121}},{"start":{"line":55,"column":124},"end":{"line":55,"column":129}}]},"2":{"loc":{"start":{"line":59,"column":17},"end":{"line":59,"column":73}},"type":"cond-expr","locations":[{"start":{"line":59,"column":42},"end":{"line":59,"column":55}},{"start":{"line":59,"column":58},"end":{"line":59,"column":73}}]},"3":{"loc":{"start":{"line":77,"column":8},"end":{"line":96,"column":9}},"type":"if","locations":[{"start":{"line":77,"column":8},"end":{"line":96,"column":9}},{"start":{"line":94,"column":15},"end":{"line":96,"column":9}}]},"4":{"loc":{"start":{"line":98,"column":89},"end":{"line":98,"column":135}},"type":"cond-expr","locations":[{"start":{"line":98,"column":114},"end":{"line":98,"column":127}},{"start":{"line":98,"column":130},"end":{"line":98,"column":135}}]},"5":{"loc":{"start":{"line":102,"column":17},"end":{"line":102,"column":73}},"type":"cond-expr","locations":[{"start":{"line":102,"column":42},"end":{"line":102,"column":55}},{"start":{"line":102,"column":58},"end":{"line":102,"column":73}}]},"6":{"loc":{"start":{"line":127,"column":4},"end":{"line":129,"column":5}},"type":"if","locations":[{"start":{"line":127,"column":4},"end":{"line":129,"column":5}}]}},"s":{"0":0,"1":0,"2":0,"3":0,"4":0,"5":0,"6":0,"7":0,"8":0,"9":0,"10":0,"11":0,"12":0,"13":0,"14":0,"15":0,"16":0,"17":0,"18":0,"19":0,"20":0,"21":0,"22":0,"23":0,"24":0,"25":0,"26":0,"27":0,"28":0,"29":0,"30":0,"31":0,"32":0,"33":0,"34":0,"35":0,"36":0,"37":0,"38":0,"39":0,"40":0,"41":0,"42":0,"43":0,"44":0,"45":0,"46":0,"47":0,"48":0,"49":0,"50":0,"51":0},"f":{"0":0,"1":0,"2":0,"3":0,"4":0,"5":0,"6":0,"7":0},"b":{"0":[0],"1":[0,0],"2":[0,0],"3":[0,0],"4":[0,0],"5":[0,0],"6":[0]}}
}
