TN:
SF:src/index.ts
FN:25,(anonymous_1)
FN:36,(anonymous_2)
FN:48,(anonymous_3)
FN:50,(anonymous_4)
FN:56,(anonymous_5)
FN:58,(anonymous_6)
FNF:6
FNH:0
FNDA:0,(anonymous_1)
FNDA:0,(anonymous_2)
FNDA:0,(anonymous_3)
FNDA:0,(anonymous_4)
FNDA:0,(anonymous_5)
FNDA:0,(anonymous_6)
DA:1,0
DA:2,0
DA:3,0
DA:4,0
DA:5,0
DA:6,0
DA:8,0
DA:9,0
DA:10,0
DA:17,0
DA:20,0
DA:21,0
DA:22,0
DA:25,0
DA:26,0
DA:30,0
DA:33,0
DA:36,0
DA:37,0
DA:38,0
DA:41,0
DA:44,0
DA:48,0
DA:49,0
DA:50,0
DA:51,0
DA:52,0
DA:56,0
DA:57,0
DA:58,0
DA:59,0
DA:60,0
LF:32
LH:0
BRDA:17,0,0,0
BRDA:17,0,1,0
BRF:2
BRH:0
end_of_record
TN:
SF:src/api/maraApiService.ts
FN:19,(anonymous_1)
FN:29,(anonymous_2)
FN:39,(anonymous_3)
FN:40,(anonymous_4)
FN:51,(anonymous_5)
FN:59,(anonymous_6)
FN:69,(anonymous_7)
FN:110,(anonymous_8)
FN:133,(anonymous_9)
FN:162,(anonymous_10)
FN:173,(anonymous_11)
FN:185,(anonymous_12)
FN:208,(anonymous_13)
FN:237,(anonymous_14)
FN:263,(anonymous_15)
FN:314,(anonymous_16)
FN:321,(anonymous_17)
FNF:17
FNH:0
FNDA:0,(anonymous_1)
FNDA:0,(anonymous_2)
FNDA:0,(anonymous_3)
FNDA:0,(anonymous_4)
FNDA:0,(anonymous_5)
FNDA:0,(anonymous_6)
FNDA:0,(anonymous_7)
FNDA:0,(anonymous_8)
FNDA:0,(anonymous_9)
FNDA:0,(anonymous_10)
FNDA:0,(anonymous_11)
FNDA:0,(anonymous_12)
FNDA:0,(anonymous_13)
FNDA:0,(anonymous_14)
FNDA:0,(anonymous_15)
FNDA:0,(anonymous_16)
FNDA:0,(anonymous_17)
DA:1,0
DA:13,0
DA:14,0
DA:20,0
DA:29,0
DA:30,0
DA:31,0
DA:32,0
DA:34,0
DA:38,0
DA:39,0
DA:41,0
DA:42,0
DA:53,0
DA:60,0
DA:70,0
DA:71,0
DA:75,0
DA:77,0
DA:82,0
DA:85,0
DA:93,0
DA:95,0
DA:96,0
DA:97,0
DA:99,0
DA:102,0
DA:103,0
DA:111,0
DA:112,0
DA:113,0
DA:116,0
DA:120,0
DA:123,0
DA:124,0
DA:134,0
DA:135,0
DA:136,0
DA:139,0
DA:143,0
DA:145,0
DA:146,0
DA:150,0
DA:153,0
DA:154,0
DA:163,0
DA:164,0
DA:165,0
DA:168,0
DA:173,0
DA:176,0
DA:177,0
DA:186,0
DA:187,0
DA:188,0
DA:191,0
DA:195,0
DA:198,0
DA:199,0
DA:209,0
DA:210,0
DA:211,0
DA:215,0
DA:217,0
DA:223,0
DA:224,0
DA:226,0
DA:229,0
DA:230,0
DA:238,0
DA:239,0
DA:240,0
DA:243,0
DA:248,0
DA:249,0
DA:251,0
DA:254,0
DA:255,0
DA:264,0
DA:266,0
DA:267,0
DA:269,0
DA:270,0
DA:274,0
DA:276,0
DA:277,0
DA:279,0
DA:280,0
DA:282,0
DA:283,0
DA:285,0
DA:286,0
DA:288,0
DA:289,0
DA:293,0
DA:294,0
DA:300,0
DA:303,0
DA:304,0
DA:306,0
DA:315,0
DA:322,0
DA:327,0
LF:103
LH:0
BRDA:31,0,0,0
BRDA:31,1,0,0
BRDA:31,1,1,0
BRDA:41,2,0,0
BRDA:41,2,1,0
BRDA:53,3,0,0
BRDA:53,3,1,0
BRDA:72,4,0,0
BRDA:72,4,1,0
BRDA:103,5,0,0
BRDA:103,5,1,0
BRDA:112,6,0,0
BRDA:124,7,0,0
BRDA:124,7,1,0
BRDA:135,8,0,0
BRDA:145,9,0,0
BRDA:145,10,0,0
BRDA:145,10,1,0
BRDA:154,11,0,0
BRDA:154,11,1,0
BRDA:164,12,0,0
BRDA:177,13,0,0
BRDA:177,13,1,0
BRDA:187,14,0,0
BRDA:199,15,0,0
BRDA:199,15,1,0
BRDA:210,16,0,0
BRDA:230,17,0,0
BRDA:230,17,1,0
BRDA:239,18,0,0
BRDA:255,19,0,0
BRDA:255,19,1,0
BRDA:269,20,0,0
BRDA:276,21,0,0
BRDA:279,22,0,0
BRDA:282,23,0,0
BRDA:285,24,0,0
BRDA:288,25,0,0
BRDA:293,26,0,0
BRDA:303,27,0,0
BRDA:303,28,0,0
BRDA:303,28,1,0
BRDA:306,29,0,0
BRDA:306,29,1,0
BRF:44
BRH:0
end_of_record
TN:
SF:src/config/constants.ts
FNF:0
FNH:0
DA:1,0
DA:13,0
LF:2
LH:0
BRDA:14,0,0,0
BRDA:14,0,1,0
BRDA:15,1,0,0
BRDA:15,1,1,0
BRF:4
BRH:0
end_of_record
TN:
SF:src/config/index.ts
FN:10,(anonymous_9)
FN:15,(anonymous_10)
FN:28,(anonymous_11)
FN:39,(anonymous_12)
FN:45,(anonymous_13)
FN:49,(anonymous_14)
FN:53,(anonymous_15)
FN:57,(anonymous_16)
FN:61,(anonymous_17)
FN:65,(anonymous_18)
FNF:10
FNH:0
FNDA:0,(anonymous_9)
FNDA:0,(anonymous_10)
FNDA:0,(anonymous_11)
FNDA:0,(anonymous_12)
FNDA:0,(anonymous_13)
FNDA:0,(anonymous_14)
FNDA:0,(anonymous_15)
FNDA:0,(anonymous_16)
FNDA:0,(anonymous_17)
FNDA:0,(anonymous_18)
DA:2,0
DA:3,0
DA:5,0
DA:8,0
DA:12,0
DA:16,0
DA:17,0
DA:18,0
DA:19,0
DA:20,0
DA:23,0
DA:24,0
DA:29,0
DA:30,0
DA:31,0
DA:32,0
DA:35,0
DA:40,0
DA:41,0
DA:42,0
DA:46,0
DA:50,0
DA:54,0
DA:58,0
DA:62,0
DA:66,0
DA:68,0
DA:69,0
DA:70,0
DA:71,0
DA:74,0
DA:76,0
DA:81,0
LF:33
LH:0
BRDA:17,0,0,0
BRDA:30,1,0,0
BRDA:50,2,0,0
BRDA:50,2,1,0
BRDA:58,3,0,0
BRDA:58,3,1,0
BRDA:62,4,0,0
BRDA:62,4,1,0
BRDA:69,5,0,0
BRF:9
BRH:0
end_of_record
TN:
SF:src/services/profitabilityService.ts
FN:62,(anonymous_0)
FN:162,(anonymous_1)
FN:201,(anonymous_2)
FN:209,(anonymous_3)
FN:236,(anonymous_4)
FN:261,(anonymous_5)
FN:320,(anonymous_6)
FNF:7
FNH:7
FNDA:6,(anonymous_0)
FNDA:10,(anonymous_1)
FNDA:33,(anonymous_2)
FNDA:2,(anonymous_3)
FNDA:1,(anonymous_4)
FNDA:2,(anonymous_5)
FNDA:7,(anonymous_6)
DA:58,1
DA:68,6
DA:69,6
DA:70,6
DA:73,6
DA:74,6
DA:75,6
DA:78,6
DA:79,6
DA:80,6
DA:81,6
DA:83,6
DA:84,6
DA:85,6
DA:86,6
DA:89,6
DA:92,6
DA:125,6
DA:168,10
DA:169,10
DA:172,10
DA:173,10
DA:174,10
DA:177,10
DA:178,1
DA:183,9
DA:184,1
DA:190,8
DA:202,33
DA:203,33
DA:218,2
DA:219,2
DA:220,2
DA:221,2
DA:223,2
DA:243,1
DA:244,1
DA:245,1
DA:246,1
DA:248,1
DA:268,2
DA:270,2
DA:271,1
DA:280,2
DA:281,2
DA:290,2
DA:291,1
DA:300,2
DA:301,1
DA:310,2
DA:311,1
DA:320,7
LF:52
LH:52
BRDA:69,0,0,4
BRDA:69,0,1,2
BRDA:70,1,0,5
BRDA:70,1,1,1
BRDA:73,2,0,5
BRDA:73,2,1,1
BRDA:74,3,0,5
BRDA:74,3,1,1
BRDA:75,4,0,5
BRDA:75,4,1,1
BRDA:93,5,0,6
BRDA:93,5,1,0
BRDA:99,6,0,6
BRDA:99,6,1,0
BRDA:105,7,0,6
BRDA:105,7,1,0
BRDA:111,8,0,6
BRDA:111,8,1,0
BRDA:117,9,0,6
BRDA:117,9,1,0
BRDA:143,10,0,6
BRDA:143,10,1,0
BRDA:144,11,0,6
BRDA:144,11,1,0
BRDA:151,12,0,6
BRDA:151,12,1,0
BRDA:152,13,0,6
BRDA:152,13,1,0
BRDA:168,14,0,9
BRDA:168,14,1,1
BRDA:169,15,0,9
BRDA:169,15,1,1
BRDA:174,16,0,9
BRDA:174,16,1,1
BRDA:177,17,0,1
BRDA:177,17,1,9
BRDA:183,18,0,1
BRDA:183,18,1,8
BRDA:203,19,0,32
BRDA:203,19,1,1
BRDA:228,20,0,1
BRDA:228,20,1,1
BRDA:229,21,0,1
BRDA:229,21,1,1
BRDA:253,22,0,1
BRDA:253,22,1,0
BRDA:254,23,0,1
BRDA:254,23,1,0
BRDA:270,24,0,1
BRDA:280,25,0,2
BRDA:290,26,0,1
BRDA:300,27,0,1
BRDA:310,28,0,1
BRF:53
BRH:42
end_of_record
TN:
SF:src/services/startupService.ts
FN:9,(anonymous_0)
FN:16,(anonymous_1)
FN:75,(anonymous_2)
FN:89,(anonymous_3)
FN:112,(anonymous_4)
FN:115,(anonymous_5)
FNF:6
FNH:0
FNDA:0,(anonymous_0)
FNDA:0,(anonymous_1)
FNDA:0,(anonymous_2)
FNDA:0,(anonymous_3)
FNDA:0,(anonymous_4)
FNDA:0,(anonymous_5)
DA:2,0
DA:4,0
DA:6,0
DA:10,0
DA:17,0
DA:18,0
DA:21,0
DA:22,0
DA:23,0
DA:27,0
DA:28,0
DA:29,0
DA:32,0
DA:41,0
DA:42,0
DA:43,0
DA:44,0
DA:45,0
DA:46,0
DA:49,0
DA:50,0
DA:53,0
DA:56,0
DA:58,0
DA:61,0
DA:64,0
DA:76,0
DA:77,0
DA:78,0
DA:81,0
DA:83,0
DA:90,0
DA:96,0
DA:97,0
DA:98,0
DA:99,0
DA:100,0
DA:101,0
DA:102,0
DA:103,0
DA:106,0
DA:113,0
DA:115,0
DA:116,0
DA:117,0
DA:118,0
DA:119,0
DA:122,0
LF:48
LH:0
BRDA:21,0,0,0
BRDA:61,1,0,0
BRDA:61,1,1,0
BRDA:66,2,0,0
BRDA:66,2,1,0
BRDA:112,3,0,0
BRDA:117,4,0,0
BRDA:122,5,0,0
BRDA:122,5,1,0
BRF:9
BRH:0
end_of_record
TN:
SF:src/sockets/socketManager.ts
FN:6,(anonymous_0)
FN:7,(anonymous_1)
FN:11,(anonymous_2)
FN:16,(anonymous_3)
FN:23,(anonymous_4)
FN:66,(anonymous_5)
FN:125,(anonymous_6)
FN:136,getMachineStatusWithAnalysis
FNF:8
FNH:0
FNDA:0,(anonymous_0)
FNDA:0,(anonymous_1)
FNDA:0,(anonymous_2)
FNDA:0,(anonymous_3)
FNDA:0,(anonymous_4)
FNDA:0,(anonymous_5)
FNDA:0,(anonymous_6)
FNDA:0,getMachineStatusWithAnalysis
DA:2,0
DA:3,0
DA:6,0
DA:7,0
DA:8,0
DA:11,0
DA:12,0
DA:16,0
DA:17,0
DA:19,0
DA:23,0
DA:24,0
DA:26,0
DA:28,0
DA:29,0
DA:33,0
DA:37,0
DA:40,0
DA:47,0
DA:49,0
DA:50,0
DA:51,0
DA:52,0
DA:55,0
DA:57,0
DA:66,0
DA:67,0
DA:70,0
DA:76,0
DA:77,0
DA:78,0
DA:80,0
DA:82,0
DA:89,0
DA:91,0
DA:92,0
DA:93,0
DA:95,0
DA:98,0
DA:100,0
DA:109,0
DA:121,0
DA:125,0
DA:126,0
DA:127,0
DA:128,0
DA:137,0
DA:138,0
DA:139,0
DA:142,0
DA:144,0
LF:51
LH:0
BRDA:28,0,0,0
BRDA:55,1,0,0
BRDA:55,1,1,0
BRDA:59,2,0,0
BRDA:59,2,1,0
BRDA:77,3,0,0
BRDA:77,3,1,0
BRDA:98,4,0,0
BRDA:98,4,1,0
BRDA:102,5,0,0
BRDA:102,5,1,0
BRDA:127,6,0,0
BRF:12
BRH:0
end_of_record
